<?xml version="1.0" encoding="UTF-8"?>
<coverage generated="1552450179722" clover="3.2.0">
  <project timestamp="1552450179722" name="All files">
    <metrics statements="15" coveredstatements="11" conditionals="5" coveredconditionals="5" methods="5" coveredmethods="2" elements="25" coveredelements="18" complexity="0" loc="15" ncloc="15" packages="2" files="6" classes="6"/>
    <package name="components">
      <metrics statements="7" coveredstatements="3" conditionals="0" coveredconditionals="0" methods="3" coveredmethods="0"/>
      <file name="App.js" path="/Users/rhydiant/Development/workspaces/reactnative/_experiments/counter/src/components/App.js">
        <metrics statements="2" coveredstatements="1" conditionals="0" coveredconditionals="0" methods="1" coveredmethods="0"/>
        <line num="9" count="1" type="stmt"/>
        <line num="19" count="0" type="stmt"/>
      </file>
      <file name="Counter.js" path="/Users/rhydiant/Development/workspaces/reactnative/_experiments/counter/src/components/Counter.js">
        <metrics statements="5" coveredstatements="2" conditionals="0" coveredconditionals="0" methods="2" coveredmethods="0"/>
        <line num="17" count="0" type="stmt"/>
        <line num="18" count="0" type="stmt"/>
        <line num="19" count="0" type="stmt"/>
        <line num="27" count="2" type="stmt"/>
        <line num="31" count="2" type="stmt"/>
      </file>
    </package>
    <package name="redux">
      <metrics statements="8" coveredstatements="8" conditionals="5" coveredconditionals="5" methods="2" coveredmethods="2"/>
      <file name="actionCreators.js" path="/Users/rhydiant/Development/workspaces/reactnative/_experiments/counter/src/redux/actionCreators.js">
        <metrics statements="2" coveredstatements="2" conditionals="0" coveredconditionals="0" methods="1" coveredmethods="1"/>
        <line num="7" count="3" type="stmt"/>
        <line num="8" count="3" type="stmt"/>
      </file>
      <file name="reducer.js" path="/Users/rhydiant/Development/workspaces/reactnative/_experiments/counter/src/redux/reducer.js">
        <metrics statements="4" coveredstatements="4" conditionals="5" coveredconditionals="5" methods="1" coveredmethods="1"/>
        <line num="4" count="5" type="cond" truecount="2" falsecount="0"/>
        <line num="6" count="4" type="cond" truecount="2" falsecount="0"/>
        <line num="8" count="2" type="stmt"/>
        <line num="10" count="2" type="stmt"/>
      </file>
      <file name="store.js" path="/Users/rhydiant/Development/workspaces/reactnative/_experiments/counter/src/redux/store.js">
        <metrics statements="1" coveredstatements="1" conditionals="0" coveredconditionals="0" methods="0" coveredmethods="0"/>
        <line num="4" count="2" type="stmt"/>
      </file>
      <file name="types.js" path="/Users/rhydiant/Development/workspaces/reactnative/_experiments/counter/src/redux/types.js">
        <metrics statements="1" coveredstatements="1" conditionals="0" coveredconditionals="0" methods="0" coveredmethods="0"/>
        <line num="2" count="5" type="stmt"/>
      </file>
    </package>
  </project>
</coverage>
