{"/Users/rhydiant/Development/workspaces/reactnative/_experiments/counter/src/components/App.js": {"path":"/Users/rhydiant/Development/workspaces/reactnative/_experiments/counter/src/components/App.js","statementMap":{"0":{"start":{"line":9,"column":15},"end":{"line":16,"column":2}},"1":{"start":{"line":19,"column":2},"end":{"line":25,"column":4}}},"fnMap":{"0":{"name":"(anonymous_0)","decl":{"start":{"line":18,"column":15},"end":{"line":18,"column":16}},"loc":{"start":{"line":18,"column":27},"end":{"line":26,"column":1}},"line":18}},"branchMap":{},"s":{"0":1,"1":0},"f":{"0":0},"b":{},"_coverageSchema":"43e27e138ebf9cfc5966b082cf9a028302ed4184","hash":"26ac5eb4a8a0acb1dc505bb44ce3b1864390c879"}
,"/Users/rhydiant/Development/workspaces/reactnative/_experiments/counter/src/components/Counter.js": {"path":"/Users/rhydiant/Development/workspaces/reactnative/_experiments/counter/src/components/Counter.js","statementMap":{"0":{"start":{"line":17,"column":2},"end":{"line":17,"column":70}},"1":{"start":{"line":18,"column":22},"end":{"line":18,"column":27}},"2":{"start":{"line":19,"column":2},"end":{"line":24,"column":4}},"3":{"start":{"line":27,"column":24},"end":{"line":29,"column":2}},"4":{"start":{"line":27,"column":34},"end":{"line":29,"column":1}},"5":{"start":{"line":31,"column":27},"end":{"line":33,"column":1}}},"fnMap":{"0":{"name":"Counter","decl":{"start":{"line":15,"column":9},"end":{"line":15,"column":16}},"loc":{"start":{"line":15,"column":31},"end":{"line":25,"column":1}},"line":15},"1":{"name":"(anonymous_1)","decl":{"start":{"line":27,"column":24},"end":{"line":27,"column":25}},"loc":{"start":{"line":27,"column":34},"end":{"line":29,"column":1}},"line":27}},"branchMap":{},"s":{"0":0,"1":0,"2":0,"3":2,"4":0,"5":2},"f":{"0":0,"1":0},"b":{},"_coverageSchema":"43e27e138ebf9cfc5966b082cf9a028302ed4184","hash":"12d1f0ac7896d77aa38cd037cf3d265bc96bbae8"}
,"/Users/rhydiant/Development/workspaces/reactnative/_experiments/counter/src/redux/actionCreators.js": {"path":"/Users/rhydiant/Development/workspaces/reactnative/_experiments/counter/src/redux/actionCreators.js","statementMap":{"0":{"start":{"line":7,"column":2},"end":{"line":7,"column":71}},"1":{"start":{"line":8,"column":2},"end":{"line":10,"column":4}}},"fnMap":{"0":{"name":"increment","decl":{"start":{"line":5,"column":9},"end":{"line":5,"column":18}},"loc":{"start":{"line":5,"column":21},"end":{"line":11,"column":1}},"line":5}},"branchMap":{},"s":{"0":3,"1":3},"f":{"0":3},"b":{},"_coverageSchema":"43e27e138ebf9cfc5966b082cf9a028302ed4184","hash":"d9a6ad98923e6d14fdb89a532e65edf5c4168c24"}
,"/Users/rhydiant/Development/workspaces/reactnative/_experiments/counter/src/redux/reducer.js": {"path":"/Users/rhydiant/Development/workspaces/reactnative/_experiments/counter/src/redux/reducer.js","statementMap":{"0":{"start":{"line":4,"column":2},"end":{"line":4,"column":41}},"1":{"start":{"line":4,"column":28},"end":{"line":4,"column":41}},"2":{"start":{"line":6,"column":2},"end":{"line":11,"column":3}},"3":{"start":{"line":8,"column":6},"end":{"line":8,"column":44}},"4":{"start":{"line":10,"column":6},"end":{"line":10,"column":19}}},"fnMap":{"0":{"name":"counter","decl":{"start":{"line":3,"column":9},"end":{"line":3,"column":16}},"loc":{"start":{"line":3,"column":49},"end":{"line":12,"column":1}},"line":3}},"branchMap":{"0":{"loc":{"start":{"line":3,"column":17},"end":{"line":3,"column":39}},"type":"default-arg","locations":[{"start":{"line":3,"column":25},"end":{"line":3,"column":39}}],"line":3},"1":{"loc":{"start":{"line":4,"column":2},"end":{"line":4,"column":41}},"type":"if","locations":[{"start":{"line":4,"column":2},"end":{"line":4,"column":41}},{"start":{"line":4,"column":2},"end":{"line":4,"column":41}}],"line":4},"2":{"loc":{"start":{"line":6,"column":2},"end":{"line":11,"column":3}},"type":"switch","locations":[{"start":{"line":7,"column":4},"end":{"line":8,"column":44}},{"start":{"line":9,"column":4},"end":{"line":10,"column":19}}],"line":6}},"s":{"0":5,"1":1,"2":4,"3":2,"4":2},"f":{"0":5},"b":{"0":[3],"1":[1,4],"2":[2,2]},"_coverageSchema":"43e27e138ebf9cfc5966b082cf9a028302ed4184","hash":"38486900a7d3ff6f2ec3d0d6035efd85943d564c"}
,"/Users/rhydiant/Development/workspaces/reactnative/_experiments/counter/src/redux/store.js": {"path":"/Users/rhydiant/Development/workspaces/reactnative/_experiments/counter/src/redux/store.js","statementMap":{"0":{"start":{"line":4,"column":14},"end":{"line":4,"column":34}}},"fnMap":{},"branchMap":{},"s":{"0":2},"f":{},"b":{},"_coverageSchema":"43e27e138ebf9cfc5966b082cf9a028302ed4184","hash":"23d19467e589cacfc6348cbd4ddbc44e61e01d0f"}
,"/Users/rhydiant/Development/workspaces/reactnative/_experiments/counter/src/redux/types.js": {"path":"/Users/rhydiant/Development/workspaces/reactnative/_experiments/counter/src/redux/types.js","statementMap":{"0":{"start":{"line":2,"column":33},"end":{"line":2,"column":52}}},"fnMap":{},"branchMap":{},"s":{"0":5},"f":{},"b":{},"_coverageSchema":"43e27e138ebf9cfc5966b082cf9a028302ed4184","hash":"fadbe54cd67f61218ce3602950a87bb58f5a8172"}
}
