TN:
SF:/Users/rhydiant/Development/workspaces/reactnative/_experiments/counter/src/components/App.js
FN:18,(anonymous_0)
FNF:1
FNH:0
FNDA:0,(anonymous_0)
DA:9,1
DA:19,0
LF:2
LH:1
BRF:0
BRH:0
end_of_record
TN:
SF:/Users/rhydiant/Development/workspaces/reactnative/_experiments/counter/src/components/Counter.js
FN:15,Counter
FN:27,(anonymous_1)
FNF:2
FNH:0
FNDA:0,Counter
FNDA:0,(anonymous_1)
DA:17,0
DA:18,0
DA:19,0
DA:27,2
DA:31,2
LF:5
LH:2
BRF:0
BRH:0
end_of_record
TN:
SF:/Users/rhydiant/Development/workspaces/reactnative/_experiments/counter/src/redux/actionCreators.js
FN:5,increment
FNF:1
FNH:1
FNDA:3,increment
DA:7,3
DA:8,3
LF:2
LH:2
BRF:0
BRH:0
end_of_record
TN:
SF:/Users/rhydiant/Development/workspaces/reactnative/_experiments/counter/src/redux/reducer.js
FN:3,counter
FNF:1
FNH:1
FNDA:5,counter
DA:4,5
DA:6,4
DA:8,2
DA:10,2
LF:4
LH:4
BRDA:3,0,0,3
BRDA:4,1,0,1
BRDA:4,1,1,4
BRDA:6,2,0,2
BRDA:6,2,1,2
BRF:5
BRH:5
end_of_record
TN:
SF:/Users/rhydiant/Development/workspaces/reactnative/_experiments/counter/src/redux/store.js
FNF:0
FNH:0
DA:4,2
LF:1
LH:1
BRF:0
BRH:0
end_of_record
TN:
SF:/Users/rhydiant/Development/workspaces/reactnative/_experiments/counter/src/redux/types.js
FNF:0
FNH:0
DA:2,5
LF:1
LH:1
BRF:0
BRH:0
end_of_record
