TN:
SF:/Users/rhydiant/Development/workspaces/reactnative/_experiments/counter/App.js
FN:10,(anonymous_0)
FNF:1
FNH:0
FNDA:0,(anonymous_0)
DA:11,0
DA:12,0
DA:22,0
LF:3
LH:0
BRF:0
BRH:0
end_of_record
TN:
SF:/Users/rhydiant/Development/workspaces/reactnative/_experiments/counter/babel.config.js
FNF:0
FNH:0
DA:1,0
LF:1
LH:0
BRF:0
BRH:0
end_of_record
TN:
SF:/Users/rhydiant/Development/workspaces/reactnative/_experiments/counter/index.js
FN:10,(anonymous_0)
FNF:1
FNH:0
FNDA:0,(anonymous_0)
DA:10,0
LF:1
LH:0
BRF:0
BRH:0
end_of_record
TN:
SF:/Users/rhydiant/Development/workspaces/reactnative/_experiments/counter/src/components/counter.js
FN:9,(anonymous_0)
FN:22,(anonymous_1)
FNF:2
FNH:0
FNDA:0,(anonymous_0)
FNDA:0,(anonymous_1)
DA:10,0
DA:11,0
DA:22,0
DA:23,0
DA:28,0
LF:5
LH:0
BRF:0
BRH:0
end_of_record
TN:
SF:/Users/rhydiant/Development/workspaces/reactnative/_experiments/counter/src/redux/actionCreators.js
FN:3,increment
FNF:1
FNH:0
FNDA:0,increment
DA:4,0
DA:5,0
LF:2
LH:0
BRF:0
BRH:0
end_of_record
TN:
SF:/Users/rhydiant/Development/workspaces/reactnative/_experiments/counter/src/redux/reducer.js
FN:3,counter
FNF:1
FNH:0
FNDA:0,counter
DA:4,0
DA:5,0
DA:7,0
DA:8,0
DA:10,0
LF:5
LH:0
BRDA:3,0,0,0
BRDA:5,1,0,0
BRF:2
BRH:0
end_of_record
TN:
SF:/Users/rhydiant/Development/workspaces/reactnative/_experiments/counter/src/redux/store.js
FNF:0
FNH:0
DA:4,0
LF:1
LH:0
BRF:0
BRH:0
end_of_record
TN:
SF:/Users/rhydiant/Development/workspaces/reactnative/_experiments/counter/src/redux/types.js
FNF:0
FNH:0
DA:1,0
LF:1
LH:0
BRF:0
BRH:0
end_of_record
